[2025-12-11T12:42:08.223Z] [INFO ] ==================================================================
[2025-12-11T12:42:08.223Z] [INFO ] PKCertChain Node 0 starting
[2025-12-11T12:42:08.223Z] [INFO ] Log directory: pkcert_data/node_0/logs/node_0
[2025-12-11T12:42:08.223Z] [INFO ] Crypto directory: pkcert_data/node_0/crypto/node_0
[2025-12-11T12:42:08.223Z] [INFO ] Debug mode: enabled
[2025-12-11T12:42:08.223Z] [INFO ] ==================================================================
[2025-12-11T12:42:08.223Z] [INFO ] PKCertChain initialized for node 0
[2025-12-11T12:42:08.223Z] [INFO ] Configuration: Data dir: pkcert_data/node_0, Debug: enabled, Max blocks: 1000, Block timeout: 30s
[2025-12-11T12:42:08.224Z] [INFO ] ==================================================================
[2025-12-11T12:42:08.224Z] [INFO ] PKCertChain Node 0 starting
[2025-12-11T12:42:08.224Z] [INFO ] Log directory: pkcert_data/node_0/logs/node_0
[2025-12-11T12:42:08.224Z] [INFO ] Crypto directory: pkcert_data/node_0/crypto/node_0
[2025-12-11T12:42:08.224Z] [INFO ] Debug mode: enabled
[2025-12-11T12:42:08.224Z] [INFO ] ==================================================================
[2025-12-11T12:42:08.224Z] [INFO ] PKCertChain initialized for node 0
[2025-12-11T12:42:08.224Z] [INFO ] Configuration: Data dir: pkcert_data/node_0, Debug: enabled, Max blocks: 1000, Block timeout: 30s
[2025-12-11T12:42:08.224Z] [INFO ] I am the genesis node. Creating genesis block...
[2025-12-11T12:42:08.230Z] [INFO ] Added block with hash: 0xe1e96ced347b0531996688bda9c53e15db3876f7688d7c14b7f6025b9e1a36b1
[2025-12-11T12:42:08.230Z] [INFO ] Genesis block added. Hash: 0xe1e96ced347b0531996688bda9c53e15db3876f7688d7c14b7f6025b9e1a36b1
[2025-12-11T12:42:08.230Z] [INFO ] Genesis node is running. Waiting for other nodes to register...
[2025-12-11T12:42:09.239Z] [INFO ] Created genesis block challenge
[2025-12-11T12:42:28.230Z] [INFO ] Shutting down PKCertChain
